<?xml version="1.0" encoding="UTF-8"?>
<testsuite xmlns:xsi="http://www.w3.org/2001/XMLSchema-instance" xsi:noNamespaceSchemaLocation="https://maven.apache.org/surefire/maven-surefire-plugin/xsd/surefire-test-report-3.0.xsd" version="3.0" name="org.example.PilaTest" time="0" tests="16" errors="0" skipped="0" failures="0">
  <properties>
[...]
</properties>
  <testcase name="esVacioPilaRecienCreada" classname="org.example.PilaTest" time="0"/>
  <testcase name="esVacioLuegoDeSacarTodo" classname="org.example.PilaTest" time="0"/>
  <testcase name="sacaRespetaElOrdenLifo" classname="org.example.PilaTest" time="0"/>
  <testcase name="meteVariosElUltimoQuedaEnElTope" classname="org.example.PilaTest" time="0"/>
  <testcase name="esVacioYTamanioNoSeContradicen" classname="org.example.PilaTest" time="0"/>
  <testcase name="topePilaVacia" classname="org.example.PilaTest" time="0"/>
  <testcase name="topeNoRemueveElElemento" classname="org.example.PilaTest" time="0"/>
  <testcase name="meteLuegoDeVaciarVuelveAFuncionar" classname="org.example.PilaTest" time="0"/>
  <testcase name="tamanioAcompanaAMeteYSaca" classname="org.example.PilaTest" time="0"/>
  <testcase name="esVacioLuegoDeMeter" classname="org.example.PilaTest" time="0"/>
  <testcase name="sacaPilaVacia" classname="org.example.PilaTest" time="0"/>
  <testcase name="sacaDevuelveElTopeYLoRemueve" classname="org.example.PilaTest" time="0"/>
  <testcase name="sacaMasElementosDeLosQueHay" classname="org.example.PilaTest" time="0"/>
  <testcase name="meteElementoQuedaEnElTope" classname="org.example.PilaTest" time="0"/>
  <testcase name="meteElementosRepetidos" classname="org.example.PilaTest" time="0"/>
  <testcase name="topeLuegoDeVaciar" classname="org.example.PilaTest" time="0"/>
</testsuite>